0 info it worked if it ends with ok
1 verbose cli [ '/usr/bin/node', '/usr/bin/npm', 'run', 'publish' ]
2 info using npm@3.10.10
3 info using node@v6.12.0
4 verbose run-script [ 'prepublish', 'publish', 'postpublish' ]
5 info lifecycle renderer-prototype@0.0.0~prepublish: renderer-prototype@0.0.0
6 silly lifecycle renderer-prototype@0.0.0~prepublish: no script for prepublish, continuing
7 info lifecycle renderer-prototype@0.0.0~publish: renderer-prototype@0.0.0
8 verbose lifecycle renderer-prototype@0.0.0~publish: unsafe-perm in lifecycle true
9 verbose lifecycle renderer-prototype@0.0.0~publish: PATH: /usr/lib/node_modules/npm/bin/node-gyp-bin:/home/dmanzanares/github/renderer-prototype/node_modules/.bin:/home/dmanzanares/.npm-global/bin:/home/dmanzanares/bin:/home/dmanzanares/.local/bin:/usr/local/sbin:/usr/local/bin:/usr/sbin:/usr/bin:/sbin:/bin:/usr/games:/usr/local/games:/snap/bin
10 verbose lifecycle renderer-prototype@0.0.0~publish: CWD: /home/dmanzanares/github/renderer-prototype
11 silly lifecycle renderer-prototype@0.0.0~publish: Args: [ '-c',
11 silly lifecycle   'git checkout gh-pages && git merge master && npm run build && npm run build-doc && git commit -a -m "Auto generated gh-pages" && git push && git checkout master' ]
12 silly lifecycle renderer-prototype@0.0.0~publish: Returned: code: 1  signal: null
13 info lifecycle renderer-prototype@0.0.0~publish: Failed to exec publish script
14 verbose stack Error: renderer-prototype@0.0.0 publish: `git checkout gh-pages && git merge master && npm run build && npm run build-doc && git commit -a -m "Auto generated gh-pages" && git push && git checkout master`
14 verbose stack Exit status 1
14 verbose stack     at EventEmitter.<anonymous> (/usr/lib/node_modules/npm/lib/utils/lifecycle.js:255:16)
14 verbose stack     at emitTwo (events.js:106:13)
14 verbose stack     at EventEmitter.emit (events.js:191:7)
14 verbose stack     at ChildProcess.<anonymous> (/usr/lib/node_modules/npm/lib/utils/spawn.js:40:14)
14 verbose stack     at emitTwo (events.js:106:13)
14 verbose stack     at ChildProcess.emit (events.js:191:7)
14 verbose stack     at maybeClose (internal/child_process.js:920:16)
14 verbose stack     at Process.ChildProcess._handle.onexit (internal/child_process.js:230:5)
15 verbose pkgid renderer-prototype@0.0.0
16 verbose cwd /home/dmanzanares/github/renderer-prototype
17 error Linux 4.10.0-40-generic
18 error argv "/usr/bin/node" "/usr/bin/npm" "run" "publish"
19 error node v6.12.0
20 error npm  v3.10.10
21 error code ELIFECYCLE
22 error renderer-prototype@0.0.0 publish: `git checkout gh-pages && git merge master && npm run build && npm run build-doc && git commit -a -m "Auto generated gh-pages" && git push && git checkout master`
22 error Exit status 1
23 error Failed at the renderer-prototype@0.0.0 publish script 'git checkout gh-pages && git merge master && npm run build && npm run build-doc && git commit -a -m "Auto generated gh-pages" && git push && git checkout master'.
23 error Make sure you have the latest version of node.js and npm installed.
23 error If you do, this is most likely a problem with the renderer-prototype package,
23 error not with npm itself.
23 error Tell the author that this fails on your system:
23 error     git checkout gh-pages && git merge master && npm run build && npm run build-doc && git commit -a -m "Auto generated gh-pages" && git push && git checkout master
23 error You can get information on how to open an issue for this project with:
23 error     npm bugs renderer-prototype
23 error Or if that isn't available, you can get their info via:
23 error     npm owner ls renderer-prototype
23 error There is likely additional logging output above.
24 verbose exit [ 1, true ]
